\BOOKMARK [0][-]{chapter*.1}{Abstract}{}% 1
\BOOKMARK [0][-]{chapter*.5}{Attestation of Authorship}{}% 2
\BOOKMARK [0][-]{chapter*.6}{Publications}{}% 3
\BOOKMARK [0][-]{chapter*.7}{Acknowledgements}{}% 4
\BOOKMARK [0][-]{chapter*.8}{Intellectual Property Rights}{}% 5
\BOOKMARK [0][-]{chapter.1}{Introduction}{}% 6
\BOOKMARK [1][-]{section.1.1}{Introduction}{chapter.1}% 7
\BOOKMARK [1][-]{section.1.2}{Table styles}{chapter.1}% 8
\BOOKMARK [1][-]{section.1.3}{Listing styles}{chapter.1}% 9
\BOOKMARK [2][-]{subsection.1.3.1}{Itemised list}{section.1.3}% 10
\BOOKMARK [2][-]{subsection.1.3.2}{Enumerated list}{section.1.3}% 11
\BOOKMARK [2][-]{subsection.1.3.3}{Description list}{section.1.3}% 12
\BOOKMARK [1][-]{section.1.4}{Some various citation styles}{chapter.1}% 13
\BOOKMARK [1][-]{section.1.5}{Some verbatim code}{chapter.1}% 14
\BOOKMARK [1][-]{section.1.6}{Conclusion}{chapter.1}% 15
\BOOKMARK [0][-]{chapter.2}{Literature Review}{}% 16
\BOOKMARK [1][-]{section.2.1}{Introduction}{chapter.2}% 17
\BOOKMARK [1][-]{section.2.2}{State of the art}{chapter.2}% 18
\BOOKMARK [1][-]{section.2.3}{The second section}{chapter.2}% 19
\BOOKMARK [1][-]{section.2.4}{Conclusion}{chapter.2}% 20
\BOOKMARK [0][-]{chapter.3}{Method}{}% 21
\BOOKMARK [1][-]{section.3.1}{Introduction}{chapter.3}% 22
\BOOKMARK [1][-]{section.3.2}{Conclusion}{chapter.3}% 23
\BOOKMARK [0][-]{chapter.4}{Analysis}{}% 24
\BOOKMARK [1][-]{section.4.1}{Introduction}{chapter.4}% 25
\BOOKMARK [1][-]{section.4.2}{Conclusion}{chapter.4}% 26
\BOOKMARK [0][-]{chapter.5}{Discussion}{}% 27
\BOOKMARK [1][-]{section.5.1}{Introduction}{chapter.5}% 28
\BOOKMARK [1][-]{section.5.2}{Conclusion}{chapter.5}% 29
\BOOKMARK [0][-]{chapter.6}{Conclusion}{}% 30
\BOOKMARK [1][-]{section.6.1}{Introduction}{chapter.6}% 31
\BOOKMARK [1][-]{section.6.2}{Conclusion}{chapter.6}% 32
\BOOKMARK [0][-]{chapter*.13}{References}{}% 33
\BOOKMARK [0][-]{chapter*.13}{Appendices}{}% 34
\BOOKMARK [0][-]{appendix.A}{Glossary}{}% 35
\BOOKMARK [0][-]{appendix.B}{Additional information here}{}% 36
\BOOKMARK [1][-]{section.B.1}{Introduction}{appendix.B}% 37
\BOOKMARK [0][-]{appendix.C}{More additional information here}{}% 38
\BOOKMARK [1][-]{section.C.1}{Introduction}{appendix.C}% 39
\BOOKMARK [1][-]{section.C.2}{Conclusion}{appendix.C}% 40
\BOOKMARK [0][-]{appendix.D}{Third Party Copyright material}{}% 41
